<?xml version="1.0" encoding="UTF-8"?>
<testsuite name="es.mdef.synergy.SynergyApplicationTests" tests="1" skipped="0" failures="0" errors="0" timestamp="2022-05-03T10:03:04" hostname="ubuntu-linux-20-04-desktop" time="0.061">
  <properties/>
  <testcase name="contextLoads()" classname="es.mdef.synergy.SynergyApplicationTests" time="0.061"/>
  <system-out><![CDATA[10:03:00.882 [Test worker] DEBUG org.springframework.test.context.BootstrapUtils - Instantiating CacheAwareContextLoaderDelegate from class [org.springframework.test.context.cache.DefaultCacheAwareContextLoaderDelegate]
10:03:00.889 [Test worker] DEBUG org.springframework.test.context.BootstrapUtils - Instantiating BootstrapContext using constructor [public org.springframework.test.context.support.DefaultBootstrapContext(java.lang.Class,org.springframework.test.context.CacheAwareContextLoaderDelegate)]
10:03:00.905 [Test worker] DEBUG org.springframework.test.context.BootstrapUtils - Instantiating TestContextBootstrapper for test class [es.mdef.synergy.SynergyApplicationTests] from class [org.springframework.boot.test.context.SpringBootTestContextBootstrapper]
10:03:00.916 [Test worker] INFO org.springframework.boot.test.context.SpringBootTestContextBootstrapper - Neither @ContextConfiguration nor @ContextHierarchy found for test class [es.mdef.synergy.SynergyApplicationTests], using SpringBootContextLoader
10:03:00.918 [Test worker] DEBUG org.springframework.test.context.support.AbstractContextLoader - Did not detect default resource location for test class [es.mdef.synergy.SynergyApplicationTests]: class path resource [es/mdef/synergy/SynergyApplicationTests-context.xml] does not exist
10:03:00.921 [Test worker] DEBUG org.springframework.test.context.support.AbstractContextLoader - Did not detect default resource location for test class [es.mdef.synergy.SynergyApplicationTests]: class path resource [es/mdef/synergy/SynergyApplicationTestsContext.groovy] does not exist
10:03:00.921 [Test worker] INFO org.springframework.test.context.support.AbstractContextLoader - Could not detect default resource locations for test class [es.mdef.synergy.SynergyApplicationTests]: no resource found for suffixes {-context.xml, Context.groovy}.
10:03:00.922 [Test worker] INFO org.springframework.test.context.support.AnnotationConfigContextLoaderUtils - Could not detect default configuration classes for test class [es.mdef.synergy.SynergyApplicationTests]: SynergyApplicationTests does not declare any static, non-private, non-final, nested classes annotated with @Configuration.
10:03:00.950 [Test worker] DEBUG org.springframework.test.context.support.ActiveProfilesUtils - Could not find an 'annotation declaring class' for annotation type [org.springframework.test.context.ActiveProfiles] and class [es.mdef.synergy.SynergyApplicationTests]
10:03:00.977 [Test worker] DEBUG org.springframework.context.annotation.ClassPathScanningCandidateComponentProvider - Identified candidate component class: file [/home/parallels/Documents/synergy/build/classes/java/main/es/mdef/synergy/SynergyApplication.class]
10:03:00.977 [Test worker] INFO org.springframework.boot.test.context.SpringBootTestContextBootstrapper - Found @SpringBootConfiguration es.mdef.synergy.SynergyApplication for test class es.mdef.synergy.SynergyApplicationTests
10:03:01.017 [Test worker] DEBUG org.springframework.boot.test.context.SpringBootTestContextBootstrapper - @TestExecutionListeners is not present for class [es.mdef.synergy.SynergyApplicationTests]: using defaults.
10:03:01.018 [Test worker] INFO org.springframework.boot.test.context.SpringBootTestContextBootstrapper - Loaded default TestExecutionListener class names from location [META-INF/spring.factories]: [org.springframework.boot.test.autoconfigure.restdocs.RestDocsTestExecutionListener, org.springframework.boot.test.autoconfigure.web.client.MockRestServiceServerResetTestExecutionListener, org.springframework.boot.test.autoconfigure.web.servlet.MockMvcPrintOnlyOnFailureTestExecutionListener, org.springframework.boot.test.autoconfigure.web.servlet.WebDriverTestExecutionListener, org.springframework.boot.test.autoconfigure.webservices.client.MockWebServiceServerTestExecutionListener, org.springframework.boot.test.mock.mockito.MockitoTestExecutionListener, org.springframework.boot.test.mock.mockito.ResetMocksTestExecutionListener, org.springframework.test.context.web.ServletTestExecutionListener, org.springframework.test.context.support.DirtiesContextBeforeModesTestExecutionListener, org.springframework.test.context.event.ApplicationEventsTestExecutionListener, org.springframework.test.context.support.DependencyInjectionTestExecutionListener, org.springframework.test.context.support.DirtiesContextTestExecutionListener, org.springframework.test.context.transaction.TransactionalTestExecutionListener, org.springframework.test.context.jdbc.SqlScriptsTestExecutionListener, org.springframework.test.context.event.EventPublishingTestExecutionListener]
10:03:01.025 [Test worker] INFO org.springframework.boot.test.context.SpringBootTestContextBootstrapper - Using TestExecutionListeners: [org.springframework.test.context.web.ServletTestExecutionListener@13e3c1c7, org.springframework.test.context.support.DirtiesContextBeforeModesTestExecutionListener@5316e95f, org.springframework.test.context.event.ApplicationEventsTestExecutionListener@3f053c80, org.springframework.boot.test.mock.mockito.MockitoTestExecutionListener@6c6c5427, org.springframework.boot.test.autoconfigure.SpringBootDependencyInjectionTestExecutionListener@618c5d94, org.springframework.test.context.support.DirtiesContextTestExecutionListener@5b40ceb, org.springframework.test.context.transaction.TransactionalTestExecutionListener@13c3c1e1, org.springframework.test.context.jdbc.SqlScriptsTestExecutionListener@1d8062d2, org.springframework.test.context.event.EventPublishingTestExecutionListener@1e63ec0b, org.springframework.boot.test.autoconfigure.restdocs.RestDocsTestExecutionListener@3b956878, org.springframework.boot.test.autoconfigure.web.client.MockRestServiceServerResetTestExecutionListener@36546a22, org.springframework.boot.test.autoconfigure.web.servlet.MockMvcPrintOnlyOnFailureTestExecutionListener@285c08c8, org.springframework.boot.test.autoconfigure.web.servlet.WebDriverTestExecutionListener@295eaa7c, org.springframework.boot.test.autoconfigure.webservices.client.MockWebServiceServerTestExecutionListener@3918c187, org.springframework.boot.test.mock.mockito.ResetMocksTestExecutionListener@2c88b9fc]
10:03:01.027 [Test worker] DEBUG org.springframework.test.context.support.AbstractDirtiesContextTestExecutionListener - Before test class: context [DefaultTestContext@f79a760 testClass = SynergyApplicationTests, testInstance = [null], testMethod = [null], testException = [null], mergedContextConfiguration = [WebMergedContextConfiguration@14f5da2c testClass = SynergyApplicationTests, locations = '{}', classes = '{class es.mdef.synergy.SynergyApplication}', contextInitializerClasses = '[]', activeProfiles = '{}', propertySourceLocations = '{}', propertySourceProperties = '{org.springframework.boot.test.context.SpringBootTestContextBootstrapper=true}', contextCustomizers = set[org.springframework.boot.test.autoconfigure.actuate.metrics.MetricsExportContextCustomizerFactory$DisableMetricExportContextCustomizer@16eccb2e, org.springframework.boot.test.autoconfigure.properties.PropertyMappingContextCustomizer@0, org.springframework.boot.test.autoconfigure.web.servlet.WebDriverContextCustomizerFactory$Customizer@49c66ade, org.springframework.boot.test.context.filter.ExcludeFilterContextCustomizer@479460a6, org.springframework.boot.test.json.DuplicateJsonObjectContextCustomizerFactory$DuplicateJsonObjectContextCustomizer@5be46f9d, org.springframework.boot.test.mock.mockito.MockitoContextCustomizer@0, org.springframework.boot.test.web.client.TestRestTemplateContextCustomizer@15713d56, org.springframework.boot.test.context.SpringBootTestArgs@1, org.springframework.boot.test.context.SpringBootTestWebEnvironment@6f45df59], resourceBasePath = 'src/main/webapp', contextLoader = 'org.springframework.boot.test.context.SpringBootContextLoader', parent = [null]], attributes = map['org.springframework.test.context.web.ServletTestExecutionListener.activateListener' -> true]], class annotated with @DirtiesContext [false] with mode [null].

  .   ____          _            __ _ _
 /\\ / ___'_ __ _ _(_)_ __  __ _ \ \ \ \
( ( )\___ | '_ | '_| | '_ \/ _` | \ \ \ \
 \\/  ___)| |_)| | | | | || (_| |  ) ) ) )
  '  |____| .__|_| |_|_| |_\__, | / / / /
 =========|_|==============|___/=/_/_/_/
 :: Spring Boot ::                (v2.6.7)

2022-05-03 10:03  INFO 51153 --- [    Test worker] es.mdef.synergy.SynergyApplicationTests  : Starting SynergyApplicationTests using Java 17.0.3 on ubuntu-linux-20-04-desktop with PID 51153 (started by parallels in /home/parallels/Documents/synergy)
2022-05-03 10:03  INFO 51153 --- [    Test worker] es.mdef.synergy.SynergyApplicationTests  : No active profile set, falling back to 1 default profile: "default"
2022-05-03 10:03  INFO 51153 --- [    Test worker] .s.d.r.c.RepositoryConfigurationDelegate : Bootstrapping Spring Data JPA repositories in DEFAULT mode.
2022-05-03 10:03  INFO 51153 --- [    Test worker] .s.d.r.c.RepositoryConfigurationDelegate : Finished Spring Data repository scanning in 20 ms. Found 6 JPA repository interfaces.
2022-05-03 10:03  INFO 51153 --- [    Test worker] o.hibernate.jpa.internal.util.LogHelper  : HHH000204: Processing PersistenceUnitInfo [name: default]
2022-05-03 10:03  INFO 51153 --- [    Test worker] org.hibernate.Version                    : HHH000412: Hibernate ORM core version 5.6.8.Final
2022-05-03 10:03  INFO 51153 --- [    Test worker] o.hibernate.annotations.common.Version   : HCANN000001: Hibernate Commons Annotations {5.1.2.Final}
2022-05-03 10:03  INFO 51153 --- [    Test worker] com.zaxxer.hikari.HikariDataSource       : HikariPool-1 - Starting...
2022-05-03 10:03  INFO 51153 --- [    Test worker] com.zaxxer.hikari.HikariDataSource       : HikariPool-1 - Start completed.
2022-05-03 10:03  INFO 51153 --- [    Test worker] org.hibernate.dialect.Dialect            : HHH000400: Using dialect: org.hibernate.dialect.PostgreSQLDialect
2022-05-03 10:03  WARN 51153 --- [    Test worker] c.a.r.i.JPAXMLOverriddenAnnotationReader : HHH000207: Property synergy.api.AttachmentField.url not found in class but described in <mapping-file/> (possible typo error)
2022-05-03 10:03  WARN 51153 --- [    Test worker] c.a.r.i.JPAXMLOverriddenAnnotationReader : HHH000207: Property synergy.api.DateField.format not found in class but described in <mapping-file/> (possible typo error)
2022-05-03 10:03  INFO 51153 --- [    Test worker] o.h.e.t.j.p.i.JtaPlatformInitiator       : HHH000490: Using JtaPlatform implementation: [org.hibernate.engine.transaction.jta.platform.internal.NoJtaPlatform]
2022-05-03 10:03  INFO 51153 --- [    Test worker] j.LocalContainerEntityManagerFactoryBean : Initialized JPA EntityManagerFactory for persistence unit 'default'
2022-05-03 10:03  WARN 51153 --- [    Test worker] JpaBaseConfiguration$JpaWebConfiguration : spring.jpa.open-in-view is enabled by default. Therefore, database queries may be performed during view rendering. Explicitly configure spring.jpa.open-in-view to disable this warning
2022-05-03 10:03  INFO 51153 --- [    Test worker] es.mdef.synergy.SynergyApplicationTests  : Started SynergyApplicationTests in 3.635 seconds (JVM running for 4.189)
]]></system-out>
  <system-err><![CDATA[]]></system-err>
</testsuite>
